<?xml version="1.0" encoding="UTF-8"?>
<!-- Generated by org.testng.reporters.JUnitReportReporter -->
<testsuite hostname="automation_02" name="org.title21.test.LoginPage_Test" tests="3" failures="0" timestamp="12 Jan 2018 09:17:38 GMT" time="10.239" errors="0">
  <testcase name="sucefullyLogin" time="3.961" classname="org.title21.test.LoginPage_Test"/>
  <testcase name="LoginValidPassword" time="0.230" classname="org.title21.test.LoginPage_Test"/>
  <testcase name="LoginWithInvalidPassword" time="6.048" classname="org.title21.test.LoginPage_Test"/>
</testsuite> <!-- org.title21.test.LoginPage_Test -->
